[ERROR] 2018-10-12 10:13:54,106 com.webtest.utils.Log - com.movie.admin.Admin_Login@6283d8b8-testLogin运行失败，需要截屏
[ERROR] 2018-10-12 10:13:54,162 com.webtest.utils.Log - com.movie.admin.Admin_Login@6283d8b8-testLogin运行失败，需要截屏
[ERROR] 2018-10-12 10:14:54,467 com.webtest.utils.Log - com.movie.admin.Action_AddMovie@6283d8b8-AddMovie运行失败，需要截屏
[ERROR] 2018-10-12 10:14:54,477 com.webtest.utils.Log - com.movie.admin.Action_AddMovie@6283d8b8-AddMovie运行失败，需要截屏
[ERROR] 2018-10-12 10:19:01,204 com.webtest.utils.Log - com.movie.admin.Action_AddMovie@6283d8b8-AddMovie运行失败，需要截屏
[ERROR] 2018-10-12 10:19:01,216 com.webtest.utils.Log - com.movie.admin.Action_AddMovie@6283d8b8-AddMovie运行失败，需要截屏
[ERROR] 2018-10-12 10:22:06,615 com.webtest.utils.Log - com.movie.admin.Action_AddMovie@6283d8b8-AddMovie运行失败，需要截屏
[ERROR] 2018-10-12 10:22:06,672 com.webtest.utils.Log - com.movie.admin.Action_AddMovie@6283d8b8-AddMovie运行失败，需要截屏
[ERROR] 2018-10-12 10:23:55,484 com.webtest.utils.Log - com.movie.admin.Action_AddMovie@6283d8b8-AddMovie运行失败，需要截屏
[ERROR] 2018-10-12 10:23:55,496 com.webtest.utils.Log - com.movie.admin.Action_AddMovie@6283d8b8-AddMovie运行失败，需要截屏
[ERROR] 2018-10-12 10:25:39,352 com.webtest.utils.Log - com.movie.admin.Admin_Login@7205765b-testLogin运行失败，需要截屏
[ERROR] 2018-10-12 10:27:35,395 com.webtest.utils.Log - com.movie.admin.Action_AddMovie@6283d8b8-AddMovie运行失败，需要截屏
[ERROR] 2018-10-12 10:27:35,406 com.webtest.utils.Log - com.movie.admin.Action_AddMovie@6283d8b8-AddMovie运行失败，需要截屏
[ERROR] 2018-10-12 10:33:35,498 com.webtest.utils.Log - com.movie.admin.Action_AddMovie@6283d8b8-AddMovie运行失败，需要截屏
[ERROR] 2018-10-12 10:33:35,548 com.webtest.utils.Log - com.movie.admin.Action_AddMovie@6283d8b8-AddMovie运行失败，需要截屏
[ERROR] 2018-10-12 10:45:02,769 com.webtest.utils.Log - com.movie.admin.Action_AddMovie@6283d8b8-AddMovie运行失败，需要截屏
[ERROR] 2018-10-12 10:46:29,165 com.webtest.utils.Log - com.movie.admin.Action_AddMovie@6283d8b8-AddMovie运行失败，需要截屏
[ERROR] 2018-10-12 10:48:49,367 com.webtest.utils.Log - com.movie.admin.Action_AddMovie@6283d8b8-AddMovie运行失败，需要截屏
[ERROR] 2018-10-12 10:50:36,141 com.webtest.utils.Log - com.movie.admin.Action_AddMovie@6283d8b8-AddMovie运行失败，需要截屏
[ERROR] 2018-11-23 09:08:51,171 com.webtest.utils.Log - com.movie.admin.Action_AddMovie@72cc7e6f-AddMovie运行失败，需要截屏
[ERROR] 2018-11-23 09:09:51,625 com.webtest.utils.Log - com.movie.admin.Action_AddMovie@5f049ea1-AddMovie运行失败，需要截屏
[ERROR] 2018-11-23 09:11:41,549 com.webtest.utils.Log - com.movie.admin.Action_AddMovie@5f049ea1-AddMovie运行失败，需要截屏
[ERROR] 2018-11-26 15:30:41,823 com.webtest.utils.Log - com.edu.javamail.javamaildemo@35841320-testjavamail运行失败，需要截屏
[ERROR] 2018-11-26 15:30:41,899 com.webtest.utils.Log - com.edu.javamail.javamaildemo@35841320-testjavamail运行失败，需要截屏
[ERROR] 2018-11-26 17:16:55,535 com.webtest.utils.Log - com.edu.javamail.javamailPicdemo@1b1cfb87-test运行失败，需要截屏
[ERROR] 2018-11-26 17:16:55,586 com.webtest.utils.Log - com.edu.javamail.javamailPicdemo@1b1cfb87-test运行失败，需要截屏
[ERROR] 2018-11-26 17:18:11,600 com.webtest.utils.Log - com.edu.javamail.javamailPicdemo@1b1cfb87-test运行失败，需要截屏
[ERROR] 2018-11-26 17:18:11,620 com.webtest.utils.Log - com.edu.javamail.javamailPicdemo@1b1cfb87-test运行失败，需要截屏
[ERROR] 2018-11-26 17:20:03,339 com.webtest.utils.Log - com.edu.javamail.javamailPicdemo@1b1cfb87-test运行失败，需要截屏
[ERROR] 2018-11-26 17:20:03,348 com.webtest.utils.Log - com.edu.javamail.javamailPicdemo@1b1cfb87-test运行失败，需要截屏
[ERROR] 2018-11-26 17:21:00,616 com.webtest.utils.Log - com.edu.javamail.javamailPicdemo@1b1cfb87-test运行失败，需要截屏
[ERROR] 2018-11-26 17:21:00,630 com.webtest.utils.Log - com.edu.javamail.javamailPicdemo@1b1cfb87-test运行失败，需要截屏
[ERROR] 2018-11-26 17:26:06,328 com.webtest.utils.Log - com.edu.javamail.javademo@1b1cfb87-test运行失败，需要截屏
[ERROR] 2018-11-26 17:26:06,373 com.webtest.utils.Log - com.edu.javamail.javademo@1b1cfb87-test运行失败，需要截屏
[ERROR] 2018-11-26 17:35:45,754 com.webtest.utils.Log - com.edu.javamail.javamailPicdemo@1b1cfb87-test运行失败，需要截屏
[ERROR] 2018-11-26 17:35:45,813 com.webtest.utils.Log - com.edu.javamail.javamailPicdemo@1b1cfb87-test运行失败，需要截屏
[ERROR] 2018-11-26 17:40:41,015 com.webtest.utils.Log - com.edu.javamail.javamailPicdemo@1b1cfb87-test运行失败，需要截屏
[ERROR] 2018-11-26 17:40:41,048 com.webtest.utils.Log - com.edu.javamail.javamailPicdemo@1b1cfb87-test运行失败，需要截屏
